<?xml version="1.0" encoding="UTF-8"?>
<testng-results skipped="0" failed="0" total="1" passed="1">
  <reporter-output>
  </reporter-output>
  <suite name="Default suite" duration-ms="2656" started-at="2016-07-29T06:06:50Z" finished-at="2016-07-29T06:06:52Z">
    <groups>
    </groups>
    <test name="Default test" duration-ms="2656" started-at="2016-07-29T06:06:50Z" finished-at="2016-07-29T06:06:52Z">
      <class name="com.gome.monitoringplatform.MoPayRatioDAOTest">
        <test-method status="PASS" signature="springTestContextBeforeTestClass()[pri:0, instance:com.gome.monitoringplatform.MoPayRatioDAOTest@475e586c]" name="springTestContextBeforeTestClass" is-config="true" duration-ms="6" started-at="2016-07-29T14:06:50Z" finished-at="2016-07-29T14:06:50Z">
          <reporter-output>
          </reporter-output>
        </test-method> <!-- springTestContextBeforeTestClass -->
        <test-method status="PASS" signature="springTestContextPrepareTestInstance()[pri:0, instance:com.gome.monitoringplatform.MoPayRatioDAOTest@475e586c]" name="springTestContextPrepareTestInstance" is-config="true" duration-ms="2400" started-at="2016-07-29T14:06:50Z" depends-on-methods="org.springframework.test.context.testng.AbstractTestNGSpringContextTests.springTestContextBeforeTestClass" finished-at="2016-07-29T14:06:52Z">
          <reporter-output>
          </reporter-output>
        </test-method> <!-- springTestContextPrepareTestInstance -->
        <test-method status="PASS" signature="springTestContextBeforeTestMethod(java.lang.reflect.Method)[pri:0, instance:com.gome.monitoringplatform.MoPayRatioDAOTest@475e586c]" name="springTestContextBeforeTestMethod" is-config="true" duration-ms="0" started-at="2016-07-29T14:06:52Z" finished-at="2016-07-29T14:06:52Z">
          <params>
            <param index="0">
              <value>
                <![CDATA[public void com.gome.monitoringplatform.MoPayRatioDAOTest.searchListNow() throws java.text.ParseException]]>
              </value>
            </param>
          </params>
          <reporter-output>
          </reporter-output>
        </test-method> <!-- springTestContextBeforeTestMethod -->
        <test-method status="PASS" signature="searchListNow()[pri:0, instance:com.gome.monitoringplatform.MoPayRatioDAOTest@475e586c]" name="searchListNow" duration-ms="241" started-at="2016-07-29T14:06:52Z" finished-at="2016-07-29T14:06:52Z">
          <reporter-output>
          </reporter-output>
        </test-method> <!-- searchListNow -->
        <test-method status="PASS" signature="springTestContextAfterTestMethod(java.lang.reflect.Method)[pri:0, instance:com.gome.monitoringplatform.MoPayRatioDAOTest@475e586c]" name="springTestContextAfterTestMethod" is-config="true" duration-ms="1" started-at="2016-07-29T14:06:52Z" finished-at="2016-07-29T14:06:52Z">
          <params>
            <param index="0">
              <value>
                <![CDATA[public void com.gome.monitoringplatform.MoPayRatioDAOTest.searchListNow() throws java.text.ParseException]]>
              </value>
            </param>
          </params>
          <reporter-output>
          </reporter-output>
        </test-method> <!-- springTestContextAfterTestMethod -->
        <test-method status="PASS" signature="springTestContextAfterTestClass()[pri:0, instance:com.gome.monitoringplatform.MoPayRatioDAOTest@475e586c]" name="springTestContextAfterTestClass" is-config="true" duration-ms="0" started-at="2016-07-29T14:06:52Z" finished-at="2016-07-29T14:06:52Z">
          <reporter-output>
          </reporter-output>
        </test-method> <!-- springTestContextAfterTestClass -->
      </class> <!-- com.gome.monitoringplatform.MoPayRatioDAOTest -->
    </test> <!-- Default test -->
  </suite> <!-- Default suite -->
</testng-results>
